{"C:\\Users\\cinba\\Desktop\\Learn\\Typescript\\14JestTesting\\classes\\Person.ts": {"path":"C:\\Users\\cinba\\Desktop\\Learn\\Typescript\\14JestTesting\\classes\\Person.ts","statementMap":{"0":{"start":{"line":6,"column":8},"end":{"line":6,"column":25}},"1":{"start":{"line":7,"column":8},"end":{"line":7,"column":23}},"2":{"start":{"line":11,"column":8},"end":{"line":11,"column":79}},"3":{"start":{"line":1,"column":0},"end":{"line":1,"column":13}}},"fnMap":{"0":{"name":"(anonymous_0)","decl":{"start":{"line":5,"column":4},"end":{"line":5,"column":16}},"loc":{"start":{"line":5,"column":41},"end":{"line":8,"column":5}}},"1":{"name":"(anonymous_1)","decl":{"start":{"line":10,"column":4},"end":{"line":10,"column":9}},"loc":{"start":{"line":10,"column":9},"end":{"line":12,"column":7}}}},"branchMap":{},"s":{"0":2,"1":2,"2":1,"3":1},"f":{"0":2,"1":1},"b":{}}
,"C:\\Users\\cinba\\Desktop\\Learn\\Typescript\\14JestTesting\\functions\\capitalize.ts": {"path":"C:\\Users\\cinba\\Desktop\\Learn\\Typescript\\14JestTesting\\functions\\capitalize.ts","statementMap":{"0":{"start":{"line":1,"column":0},"end":{"line":1,"column":16}},"1":{"start":{"line":2,"column":4},"end":{"line":2,"column":36}},"2":{"start":{"line":2,"column":25},"end":{"line":2,"column":36}},"3":{"start":{"line":3,"column":4},"end":{"line":3,"column":61}}},"fnMap":{"0":{"name":"capitalize","decl":{"start":{"line":1,"column":16},"end":{"line":1,"column":26}},"loc":{"start":{"line":1,"column":38},"end":{"line":4,"column":1}}}},"branchMap":{"0":{"loc":{"start":{"line":2,"column":4},"end":{"line":2,"column":36}},"type":"if","locations":[{"start":{"line":2,"column":4},"end":{"line":2,"column":36}}]}},"s":{"0":1,"1":3,"2":1,"3":2},"f":{"0":3},"b":{"0":[1]}}
,"C:\\Users\\cinba\\Desktop\\Learn\\Typescript\\14JestTesting\\functions\\fetchUser.ts": {"path":"C:\\Users\\cinba\\Desktop\\Learn\\Typescript\\14JestTesting\\functions\\fetchUser.ts","statementMap":{"0":{"start":{"line":1,"column":0},"end":{"line":1,"column":22}},"1":{"start":{"line":2,"column":18},"end":{"line":5,"column":6}},"2":{"start":{"line":7,"column":17},"end":{"line":7,"column":51}},"3":{"start":{"line":7,"column":36},"end":{"line":7,"column":50}},"4":{"start":{"line":9,"column":4},"end":{"line":11,"column":5}},"5":{"start":{"line":10,"column":8},"end":{"line":10,"column":42}},"6":{"start":{"line":13,"column":4},"end":{"line":13,"column":16}}},"fnMap":{"0":{"name":"fetchUser","decl":{"start":{"line":1,"column":22},"end":{"line":1,"column":31}},"loc":{"start":{"line":1,"column":42},"end":{"line":14,"column":null}}},"1":{"name":"(anonymous_9)","decl":{"start":{"line":7,"column":28},"end":{"line":7,"column":32}},"loc":{"start":{"line":7,"column":36},"end":{"line":7,"column":50}}}},"branchMap":{"0":{"loc":{"start":{"line":9,"column":4},"end":{"line":11,"column":5}},"type":"if","locations":[{"start":{"line":9,"column":4},"end":{"line":11,"column":5}}]}},"s":{"0":1,"1":2,"2":2,"3":3,"4":2,"5":1,"6":1},"f":{"0":2,"1":3},"b":{"0":[1]}}
,"C:\\Users\\cinba\\Desktop\\Learn\\Typescript\\14JestTesting\\functions\\sum.ts": {"path":"C:\\Users\\cinba\\Desktop\\Learn\\Typescript\\14JestTesting\\functions\\sum.ts","statementMap":{"0":{"start":{"line":1,"column":0},"end":{"line":1,"column":16}},"1":{"start":{"line":2,"column":4},"end":{"line":2,"column":17}}},"fnMap":{"0":{"name":"sum","decl":{"start":{"line":1,"column":16},"end":{"line":1,"column":19}},"loc":{"start":{"line":1,"column":40},"end":{"line":3,"column":1}}}},"branchMap":{},"s":{"0":1,"1":1},"f":{"0":1},"b":{}}
}
