TN:
SF:classes\Person.ts
FN:5,(anonymous_0)
FN:10,(anonymous_1)
FNF:2
FNH:2
FNDA:2,(anonymous_0)
FNDA:1,(anonymous_1)
DA:1,1
DA:6,2
DA:7,2
DA:11,1
LF:4
LH:4
BRF:0
BRH:0
end_of_record
TN:
SF:functions\capitalize.ts
FN:1,capitalize
FNF:1
FNH:1
FNDA:3,capitalize
DA:1,1
DA:2,3
DA:3,2
LF:3
LH:3
BRDA:2,0,0,1
BRF:1
BRH:1
end_of_record
TN:
SF:functions\fetchUser.ts
FN:1,fetchUser
FN:7,(anonymous_9)
FNF:2
FNH:2
FNDA:2,fetchUser
FNDA:3,(anonymous_9)
DA:1,1
DA:2,2
DA:7,3
DA:9,2
DA:10,1
DA:13,1
LF:6
LH:6
BRDA:9,0,0,1
BRF:1
BRH:1
end_of_record
TN:
SF:functions\sum.ts
FN:1,sum
FNF:1
FNH:1
FNDA:1,sum
DA:1,1
DA:2,1
LF:2
LH:2
BRF:0
BRH:0
end_of_record
